C51 COMPILER V9.60.0.0   STEPPERMOTOR                                                      09/07/2022 10:53:47 PAGE 1   


C51 COMPILER V9.60.0.0, COMPILATION OF MODULE STEPPERMOTOR
OBJECT MODULE PLACED IN .\Objects\StepperMotor.obj
COMPILER INVOKED BY: D:\Keil_v5\C51\BIN\C51.EXE StepperMotor.c OPTIMIZE(8,SPEED) BROWSE DEBUG OBJECTEXTEND PRINT(.\Listi
                    -ngs\StepperMotor.lst) TABS(2) OBJECT(.\Objects\StepperMotor.obj)

line level    source

   1          #include<reg51.h>
   2          // 
   3          
   4          void msdelay(unsigned int time) {
   5   1        unsigned i,j;
   6   1        for(i=0;i<time;i++) {
   7   2          for(j=0;j<1275;j++);
   8   2        }
   9   1      }
  10          
  11          void main() {
  12   1        while(1) {
  13   2          P2 = 0x01;    // A=0 , B=0, C=0, D=1
  14   2          msdelay(1);
  15   2          P2 = 0x02;    // ABCD = 0010
  16   2          msdelay(1);
  17   2          P2 = 0x04;    // ABCD = 0100
  18   2          msdelay(1);
  19   2          P2 = 0x08;    // ABCD = 1000
  20   2          msdelay(1);
  21   2        }
  22   1      }


MODULE INFORMATION:   STATIC OVERLAYABLE
   CODE SIZE        =     62    ----
   CONSTANT SIZE    =   ----    ----
   XDATA SIZE       =   ----    ----
   PDATA SIZE       =   ----    ----
   DATA SIZE        =   ----    ----
   IDATA SIZE       =   ----    ----
   BIT SIZE         =   ----    ----
END OF MODULE INFORMATION.


C51 COMPILATION COMPLETE.  0 WARNING(S),  0 ERROR(S)
